<?xml version="1.0" encoding="UTF-8"?>
<!-- Generated by org.testng.reporters.JUnitXMLReporter -->
<testsuite ignored="0" hostname="DESKTOP-0PSEAHP" failures="0" tests="3" name="Order Placement Test" time="73.37" errors="0" timestamp="2024-08-29T15:44:39 IST">
  <testcase classname="TestAutomation.Test.OrderPlacement" name="placeOrder" time="3.908"/>
  <testcase classname="TestAutomation.Test.OrderPlacement" name="placeOrder" time="3.995"/>
  <testcase classname="TestAutomation.Test.OrderPlacement" name="orderHistoryTest" time="0.891"/>
</testsuite> <!-- Order Placement Test -->
