<?xml version="1.0" encoding="UTF-8"?>
<!-- Generated by org.testng.reporters.JUnitXMLReporter -->
<testsuite ignored="0" hostname="DESKTOP-0PSEAHP" failures="0" tests="2" name="Error Validation Test" time="72.045" errors="0" timestamp="2024-08-29T22:00:59 IST">
  <testcase classname="TestAutomation.Test.ErrorValidation" name="LoginErrorValidation" time="1.099"/>
  <testcase classname="TestAutomation.Test.ErrorValidation" name="ProductErrorValidation" time="3.858"/>
</testsuite> <!-- Error Validation Test -->
