<?xml version="1.0" encoding="UTF-8"?>
<!-- Generated by org.testng.reporters.JUnitXMLReporter -->
<testsuite ignored="0" hostname="DESKTOP-0PSEAHP" failures="0" tests="3" name="Order Placement Test" time="107.262" errors="0" timestamp="2024-08-29T22:01:33 IST">
  <testcase classname="TestAutomation.Test.OrderPlacement" name="placeOrder" time="4.97"/>
  <testcase classname="TestAutomation.Test.OrderPlacement" name="placeOrder" time="21.776"/>
  <testcase classname="TestAutomation.Test.OrderPlacement" name="orderHistoryTest" time="1.088"/>
</testsuite> <!-- Order Placement Test -->
